<?xml version="1.0" encoding="UTF-8"?>
<testsuite name="AppTest" tests="1" skipped="0" failures="0" errors="0" timestamp="2024-02-15T13:13:59" hostname="Kamil-Przybyos-MacBook-Pro-Y5W91V77RM.local" time="0.015">
  <properties/>
  <testcase name="test()" classname="AppTest" time="0.015"/>
  <system-out><![CDATA[CronExpression(minute=*, hour=*, dayOfMonth=*, month=*, dayOfWeek=*, command=/var/test)
]]></system-out>
  <system-err><![CDATA[]]></system-err>
</testsuite>
